<?xml version="1.0" encoding="UTF-8"?>
<!-- Generated by org.testng.reporters.JUnitXMLReporter -->
<testsuite ignored="0" hostname="LAPTOP-UASL38CC" failures="0" tests="2" name="BackupRestore Test" time="49.23" errors="0" timestamp="30 Jun 2020 08:03:51 GMT">
  <testcase classname="com.qa.contacts.tests.BackupRestoreTest" name="verifyRestoreContactsTextTest" time="0.394"/>
  <testcase classname="com.qa.contacts.tests.BackupRestoreTest" name="verifyContactClickTest" time="0.459"/>
</testsuite> <!-- BackupRestore Test -->
