<?xml version="1.0" encoding="UTF-8"?>
<!-- Generated by org.testng.reporters.JUnitXMLReporter -->
<testsuite hostname="VDLT247" ignored="1" name="BackupRestore Test" tests="1" failures="1" timestamp="2020-07-03T16:10:59 IST" time="33.4" errors="0">
  <testcase name="verifyRestoreContactsTextTest" time="1.346" classname="com.qa.contacts.tests.BackupRestoreTest">
    <failure type="java.lang.AssertionError" message="expected [Restore Contats] but found [Restore Contacts]">
      <![CDATA[java.lang.AssertionError: expected [Restore Contats] but found [Restore Contacts]
at com.qa.contacts.tests.BackupRestoreTest.verifyRestoreContactsTextTest(BackupRestoreTest.java:35)
at java.util.ArrayList.forEach(Unknown Source)
... Removed 32 stack frames]]>
    </failure>
  </testcase> <!-- verifyRestoreContactsTextTest -->
  <testcase name="verifyContactClickTest" time="0.0" classname="com.qa.contacts.tests.BackupRestoreTest">
    <ignored/>
  </testcase> <!-- verifyContactClickTest -->
</testsuite> <!-- BackupRestore Test -->
