<?xml version="1.0" encoding="UTF-8"?>
<!-- Generated by org.testng.reporters.JUnitXMLReporter -->
<testsuite hostname="VDLT247" ignored="0" name="Contacts HomePage" tests="3" failures="0" timestamp="2020-07-01T09:45:15 IST" time="64.206" errors="0">
  <testcase name="verifyContactHeaderTest" time="0.156" classname="com.qa.contacts.tests.ContactsHomePageTest"/>
  <testcase name="verifySetPasswordTest" time="0.131" classname="com.qa.contacts.tests.ContactsHomePageTest"/>
  <testcase name="goToBackUpRestoreTest" time="0.189" classname="com.qa.contacts.tests.ContactsHomePageTest"/>
</testsuite> <!-- Contacts HomePage -->
