<?xml version="1.0" encoding="UTF-8"?>
<!-- Generated by org.testng.reporters.JUnitXMLReporter -->
<testsuite hostname="VDLT247" ignored="0" name="New Contact Us Request Test" tests="2" failures="0" timestamp="2020-07-02T15:34:57 IST" time="51.651" errors="0">
  <testcase name="verifyContactUsHeaderTest" time="1.746" classname="com.qa.contacts.tests.ContactusTest"/>
  <testcase name="newContactUsRequestTest" time="5.679" classname="com.qa.contacts.tests.ContactusTest"/>
</testsuite> <!-- New Contact Us Request Test -->
