<?xml version="1.0" encoding="UTF-8"?>
<!-- Generated by org.testng.reporters.JUnitXMLReporter -->
<testsuite ignored="0" hostname="LAPTOP-UASL38CC" failures="0" tests="2" name="New Contact Us Request Test" time="56.538" errors="0" timestamp="30 Jun 2020 08:04:48 GMT">
  <testcase classname="com.qa.contacts.tests.ContactusTest$BackupRestoreTest" name="verifyContactUsHeaderTest" time="0.162"/>
  <testcase classname="com.qa.contacts.tests.ContactusTest$BackupRestoreTest" name="newContactUsRequestTest" time="3.89"/>
</testsuite> <!-- New Contact Us Request Test -->
