<?xml version="1.0" encoding="UTF-8"?>
<!-- Generated by org.testng.reporters.JUnitXMLReporter -->
<testsuite ignored="0" hostname="LAPTOP-UASL38CC" failures="0" tests="3" name="ContactManager" time="98.96" errors="0" timestamp="28 Jun 2020 14:27:18 GMT">
  <testcase classname="com.qa.ebay.tests.ContactsHomePageTest" name="verifyContactHeaderTest" time="0.318"/>
  <testcase classname="com.qa.ebay.tests.BackupRestoreTest" name="verifyRestoreContactsTest" time="5.008"/>
  <testcase classname="com.qa.ebay.tests.BackupRestoreTest" name="verifyContactHeaderTest" time="0.008"/>
</testsuite> <!-- ContactManager -->
