<?xml version="1.0" encoding="UTF-8"?>
<!-- Generated by org.testng.reporters.JUnitXMLReporter -->
<testsuite hostname="VDLT247" ignored="0" name="BackupRestore Test" tests="2" failures="0" timestamp="02 Jul 2020 08:36:50 GMT" time="45.197" errors="0">
  <testcase name="verifyRestoreContactsTextTest" time="1.276" classname="com.qa.contacts.tests.BackupRestoreTest"/>
  <testcase name="verifyContactClickTest" time="1.596" classname="com.qa.contacts.tests.BackupRestoreTest"/>
</testsuite> <!-- BackupRestore Test -->
