<?xml version="1.0" encoding="UTF-8"?>
<!-- Generated by org.testng.reporters.JUnitXMLReporter -->
<testsuite hostname="VDLT247" ignored="0" name="New Contact Us Request Test" tests="2" failures="0" timestamp="02 Jul 2020 08:37:42 GMT" time="52.129" errors="0">
  <testcase name="verifyContactUsHeaderTest" time="1.536" classname="com.qa.contacts.tests.ContactusTest"/>
  <testcase name="newContactUsRequestTest" time="5.563" classname="com.qa.contacts.tests.ContactusTest"/>
</testsuite> <!-- New Contact Us Request Test -->
