<?xml version="1.0" encoding="UTF-8"?>
<!-- Generated by org.testng.reporters.JUnitXMLReporter -->
<testsuite ignored="0" hostname="LAPTOP-UASL38CC" failures="0" tests="3" name="ContactManager" time="91.892" errors="0" timestamp="28 Jun 2020 14:33:29 GMT">
  <testcase classname="com.qa.ebay.tests.ContactsHomePageTest" name="verifyContactHeaderTest" time="0.137"/>
  <testcase classname="com.qa.ebay.tests.BackupRestoreTest" name="verifyRestoreContactsTest" time="5.006"/>
  <testcase classname="com.qa.ebay.tests.BackupRestoreTest" name="verifyContactHeaderTest" time="0.01"/>
</testsuite> <!-- ContactManager -->
