-------------------------------------------------------------------------------
Test set: TestSuite
-------------------------------------------------------------------------------
Tests run: 8, Failures: 1, Errors: 0, Skipped: 0, Time elapsed: 209.086 s <<< FAILURE! - in TestSuite
verifySetPasswordTest(com.qa.contacts.tests.ContactsHomePageTest)  Time elapsed: 20.875 s  <<< FAILURE!
java.lang.AssertionError: expected [true] but found [false]
	at com.qa.contacts.tests.ContactsHomePageTest.verifySetPasswordTest(ContactsHomePageTest.java:33)

