<?xml version="1.0" encoding="UTF-8"?>
<testsuite xmlns:xsi="http://www.w3.org/2001/XMLSchema-instance" xsi:noNamespaceSchemaLocation="https://maven.apache.org/surefire/maven-surefire-plugin/xsd/surefire-test-report.xsd" name="TestSuite" time="209.086" tests="8" errors="0" skipped="0" failures="1">
  <properties>
[...]
</properties>
  <testcase name="verifyContactHeaderTest" classname="com.qa.contacts.tests.ContactsHomePageTest" time="0.149"/>
  <testcase name="verifySetPasswordTest" classname="com.qa.contacts.tests.ContactsHomePageTest" time="20.875">
    <failure message="expected [true] but found [false]" type="java.lang.AssertionError">java.lang.AssertionError: expected [true] but found [false]
	at com.qa.contacts.tests.ContactsHomePageTest.verifySetPasswordTest(ContactsHomePageTest.java:33)
</failure>
    <system-out><![CDATA[07-02-2020 14:04:56 BaseTest.java INFO  [main] tests.BaseTest 33 - Launching app
I am in onTestStart method verifySetPasswordTest start
07-02-2020 14:05:01 ContactsHomePageTest.java INFO  [main] tests.ContactsHomePageTest 32 - starting--------------------->>>>>>> verifySetPasswordTest
some exception got occurred while checking element is displayed or not.....
I am in onTestFailure method verifySetPasswordTest failed
Screenshot captured for test case:verifySetPasswordTest
]]></system-out>
    <system-err><![CDATA[Jul 02, 2020 2:04:51 PM io.appium.java_client.remote.AppiumCommandExecutor$1 lambda$0
INFO: Detected dialect: W3C
]]></system-err>
  </testcase>
  <testcase name="goToBackUpRestoreTest" classname="com.qa.contacts.tests.ContactsHomePageTest" time="0.154"/>
  <testcase name="goToContactUsTest" classname="com.qa.contacts.tests.ContactsHomePageTest" time="0.202"/>
  <testcase name="verifyRestoreContactsTextTest" classname="com.qa.contacts.tests.BackupRestoreTest" time="1.272"/>
  <testcase name="verifyContactClickTest" classname="com.qa.contacts.tests.BackupRestoreTest" time="1.583"/>
  <testcase name="verifyContactUsHeaderTest" classname="com.qa.contacts.tests.ContactusTest" time="1.53"/>
  <testcase name="newContactUsRequestTest" classname="com.qa.contacts.tests.ContactusTest" time="5.55"/>
</testsuite>